<?xml version="1.0" encoding="UTF-8"?>
<!-- Generated by org.testng.reporters.JUnitXMLReporter -->
<testsuite hostname="CPC-spane-J7PSO" failures="1" tests="1" name="Test_DGLD_HF_ST_032_Header_Links_Validation" time="554.882" errors="0" timestamp="18 Jul 2025 06:33:56 GMT">
  <testcase classname="TestExecute.Hydroflask.Smoke_TestCases.Test_DGLD_HF_ST_032_Header_Links_Validation" name="Validate_Header_Links_Validation" time="534.74">
    <failure type="java.lang.AssertionError" message="null">
      <![CDATA[java.lang.AssertionError: null
	at TestComponent.Hydroflask.GoldHydroHyvaHelper.Coolers_validation(GoldHydroHyvaHelper.java:11593)
	at TestExecute.Hydroflask.Smoke_TestCases.Test_DGLD_HF_ST_032_Header_Links_Validation.Validate_Header_Links_Validation(Test_DGLD_HF_ST_032_Header_Links_Validation.java:29)
... Removed 26 stack frames]]>
    </failure>
  </testcase> <!-- Validate_Header_Links_Validation -->
</testsuite> <!-- Test_DGLD_HF_ST_032_Header_Links_Validation -->
