<?xml version="1.0" encoding="UTF-8"?>
<!-- Generated by org.testng.reporters.JUnitXMLReporter -->
<testsuite hostname="CPC-anbog-RVKLH" failures="1" tests="1" name="Default test" time="245.838" errors="0" timestamp="1 Apr 2025 14:09:15 GMT">
  <testcase classname="TestExecute.Osprey_US.RegressionTestcase.Test_DGLD_OS_US_ST_057_Newsletter_Subcription_and_Un_Subcription_from_My_Account_Page" name="Verifying_Newsletter_Subcription_and_Un_Subcription_from_My_Account_Page_Funtionality" time="201.906">
    <failure type="java.lang.AssertionError" message="null">
      <![CDATA[java.lang.AssertionError: null
	at org.testng.Assert.fail(Assert.java:94)
	at org.testng.Assert.fail(Assert.java:101)
	at TestComponent.Osprey_US.GoldOspreyUSHyvaHelper.MyAccount_Subscription(GoldOspreyUSHyvaHelper.java:16553)
	at TestExecute.Osprey_US.RegressionTestcase.Test_DGLD_OS_US_ST_057_Newsletter_Subcription_and_Un_Subcription_from_My_Account_Page.Verifying_Newsletter_Subcription_and_Un_Subcription_from_My_Account_Page_Funtionality(Test_DGLD_OS_US_ST_057_Newsletter_Subcription_and_Un_Subcription_from_My_Account_Page.java:24)
	at java.base/jdk.internal.reflect.NativeMethodAccessorImpl.invoke0(Native Method)
	at java.base/jdk.internal.reflect.NativeMethodAccessorImpl.invoke(NativeMethodAccessorImpl.java:78)
	at java.base/jdk.internal.reflect.DelegatingMethodAccessorImpl.invoke(DelegatingMethodAccessorImpl.java:43)
	at java.base/java.lang.reflect.Method.invoke(Method.java:567)
	at org.testng.internal.MethodInvocationHelper.invokeMethod(MethodInvocationHelper.java:80)
	at org.testng.internal.Invoker.invokeMethod(Invoker.java:714)
	at org.testng.internal.Invoker.invokeTestMethod(Invoker.java:901)
	at org.testng.internal.Invoker.invokeTestMethods(Invoker.java:1231)
	at org.testng.internal.TestMethodWorker.invokeTestMethods(TestMethodWorker.java:127)
	at org.testng.internal.TestMethodWorker.run(TestMethodWorker.java:111)
	at org.testng.TestRunner.privateRun(TestRunner.java:767)
	at org.testng.TestRunner.run(TestRunner.java:617)
	at org.testng.SuiteRunner.runTest(SuiteRunner.java:334)
	at org.testng.SuiteRunner.runSequentially(SuiteRunner.java:329)
	at org.testng.SuiteRunner.privateRun(SuiteRunner.java:291)
	at org.testng.SuiteRunner.run(SuiteRunner.java:240)
	at org.testng.SuiteRunnerWorker.runSuite(SuiteRunnerWorker.java:52)
	at org.testng.SuiteRunnerWorker.run(SuiteRunnerWorker.java:86)
	at org.testng.TestNG.runSuitesSequentially(TestNG.java:1198)
	at org.testng.TestNG.runSuitesLocally(TestNG.java:1123)
	at org.testng.TestNG.run(TestNG.java:1031)
	at org.testng.remote.AbstractRemoteTestNG.run(AbstractRemoteTestNG.java:115)
	at org.testng.remote.RemoteTestNG.initAndRun(RemoteTestNG.java:293)
	at org.testng.remote.RemoteTestNG.main(RemoteTestNG.java:91)
]]>
    </failure>
  </testcase> <!-- Verifying_Newsletter_Subcription_and_Un_Subcription_from_My_Account_Page_Funtionality -->
</testsuite> <!-- Default test -->
