<?xml version="1.0" encoding="UTF-8"?>
<!-- Generated by org.testng.reporters.JUnitXMLReporter -->
<testsuite hostname="CPC-skasa-DD8QS" failures="0" tests="1" name="Default test" time="449.338" errors="0" timestamp="8 May 2025 15:11:01 GMT">
  <testcase classname="TestExecute.Drybar_US.regressionTestcase.TEST_DGLD_DB_US_ST_197_GuestUser_Checkout_with_Simple_Configurable_NonAerosolBundleproduct_MultipleQTYeach_Different_Billingaddress_Expedited_Shipping_AfterPay_PayPal" name="Validate_GuestUser_Checkout_with_Simple_Configurable_NonAerosolBundleproduct_MultipleQTYeach_Different_Billingaddress_Standard_Shipping_Klarna_Payment" time="424.671"/>
</testsuite> <!-- Default test -->
