<?xml version="1.0" encoding="UTF-8"?>
<testng-results total="1" passed="0" failed="1" skipped="0">
  <reporter-output>
  </reporter-output>
  <suite started-at="2025-04-01T14:05:09Z" name="Default suite" finished-at="2025-04-01T14:09:15Z" duration-ms="245838">
    <groups>
    </groups>
    <test started-at="2025-04-01T14:05:09Z" name="Default test" finished-at="2025-04-01T14:09:15Z" duration-ms="245838">
      <class name="TestExecute.Osprey_US.RegressionTestcase.Test_DGLD_OS_US_ST_057_Newsletter_Subcription_and_Un_Subcription_from_My_Account_Page">
        <test-method is-config="true" signature="startTest()[pri:0, instance:TestExecute.Osprey_US.RegressionTestcase.Test_DGLD_OS_US_ST_057_Newsletter_Subcription_and_Un_Subcription_from_My_Account_Page@54534abf]" started-at="2025-04-01T19:35:09Z" name="startTest" finished-at="2025-04-01T19:35:53Z" duration-ms="43901" status="PASS">
          <reporter-output>
          </reporter-output>
        </test-method> <!-- startTest -->
        <test-method signature="Verifying_Newsletter_Subcription_and_Un_Subcription_from_My_Account_Page_Funtionality()[pri:0, instance:TestExecute.Osprey_US.RegressionTestcase.Test_DGLD_OS_US_ST_057_Newsletter_Subcription_and_Un_Subcription_from_My_Account_Page@54534abf]" started-at="2025-04-01T19:35:53Z" name="Verifying_Newsletter_Subcription_and_Un_Subcription_from_My_Account_Page_Funtionality" finished-at="2025-04-01T19:39:15Z" duration-ms="201906" status="FAIL">
          <exception class="java.lang.AssertionError">
            <message>
              <![CDATA[null]]>
            </message>
            <full-stacktrace>
              <![CDATA[java.lang.AssertionError: null
	at org.testng.Assert.fail(Assert.java:94)
	at org.testng.Assert.fail(Assert.java:101)
	at TestComponent.Osprey_US.GoldOspreyUSHyvaHelper.MyAccount_Subscription(GoldOspreyUSHyvaHelper.java:16553)
	at TestExecute.Osprey_US.RegressionTestcase.Test_DGLD_OS_US_ST_057_Newsletter_Subcription_and_Un_Subcription_from_My_Account_Page.Verifying_Newsletter_Subcription_and_Un_Subcription_from_My_Account_Page_Funtionality(Test_DGLD_OS_US_ST_057_Newsletter_Subcription_and_Un_Subcription_from_My_Account_Page.java:24)
	at java.base/jdk.internal.reflect.NativeMethodAccessorImpl.invoke0(Native Method)
	at java.base/jdk.internal.reflect.NativeMethodAccessorImpl.invoke(NativeMethodAccessorImpl.java:78)
	at java.base/jdk.internal.reflect.DelegatingMethodAccessorImpl.invoke(DelegatingMethodAccessorImpl.java:43)
	at java.base/java.lang.reflect.Method.invoke(Method.java:567)
	at org.testng.internal.MethodInvocationHelper.invokeMethod(MethodInvocationHelper.java:80)
	at org.testng.internal.Invoker.invokeMethod(Invoker.java:714)
	at org.testng.internal.Invoker.invokeTestMethod(Invoker.java:901)
	at org.testng.internal.Invoker.invokeTestMethods(Invoker.java:1231)
	at org.testng.internal.TestMethodWorker.invokeTestMethods(TestMethodWorker.java:127)
	at org.testng.internal.TestMethodWorker.run(TestMethodWorker.java:111)
	at org.testng.TestRunner.privateRun(TestRunner.java:767)
	at org.testng.TestRunner.run(TestRunner.java:617)
	at org.testng.SuiteRunner.runTest(SuiteRunner.java:334)
	at org.testng.SuiteRunner.runSequentially(SuiteRunner.java:329)
	at org.testng.SuiteRunner.privateRun(SuiteRunner.java:291)
	at org.testng.SuiteRunner.run(SuiteRunner.java:240)
	at org.testng.SuiteRunnerWorker.runSuite(SuiteRunnerWorker.java:52)
	at org.testng.SuiteRunnerWorker.run(SuiteRunnerWorker.java:86)
	at org.testng.TestNG.runSuitesSequentially(TestNG.java:1198)
	at org.testng.TestNG.runSuitesLocally(TestNG.java:1123)
	at org.testng.TestNG.run(TestNG.java:1031)
	at org.testng.remote.AbstractRemoteTestNG.run(AbstractRemoteTestNG.java:115)
	at org.testng.remote.RemoteTestNG.initAndRun(RemoteTestNG.java:293)
	at org.testng.remote.RemoteTestNG.main(RemoteTestNG.java:91)
]]>
            </full-stacktrace>
          </exception> <!-- java.lang.AssertionError -->
          <reporter-output>
          </reporter-output>
        </test-method> <!-- Verifying_Newsletter_Subcription_and_Un_Subcription_from_My_Account_Page_Funtionality -->
        <test-method is-config="true" signature="clearBrowser()[pri:0, instance:TestExecute.Osprey_US.RegressionTestcase.Test_DGLD_OS_US_ST_057_Newsletter_Subcription_and_Un_Subcription_from_My_Account_Page@54534abf]" started-at="2025-04-01T19:39:15Z" name="clearBrowser" finished-at="2025-04-01T19:39:15Z" duration-ms="0" status="PASS">
          <reporter-output>
          </reporter-output>
        </test-method> <!-- clearBrowser -->
      </class> <!-- TestExecute.Osprey_US.RegressionTestcase.Test_DGLD_OS_US_ST_057_Newsletter_Subcription_and_Un_Subcription_from_My_Account_Page -->
    </test> <!-- Default test -->
  </suite> <!-- Default suite -->
</testng-results>
